<?xml version="1.0" encoding="UTF-8"?>
<testsuite xmlns:xsi="http://www.w3.org/2001/XMLSchema-instance" xsi:noNamespaceSchemaLocation="https://maven.apache.org/surefire/maven-surefire-plugin/xsd/surefire-test-report-3.0.xsd" version="3.0" name="billing.GasBillTest" time="0.057" tests="3" errors="0" skipped="0" failures="0">
  <properties>
[...]
</properties>
  <testcase name="testCalcUsageWithSameReadings" classname="billing.GasBillTest" time="0.033"/>
  <testcase name="testCalcUsage" classname="billing.GasBillTest" time="0.001"/>
  <testcase name="testCalcCost" classname="billing.GasBillTest" time="0.001"/>
</testsuite>